Using pre-set license
Built from '2020.3/staging' branch; Version is '2020.3.11f1 (99c7afb366b3) revision 10078127'; Using compiler version '192528614'; Build Type 'Release'
OS: 'Windows 10 Education; OS build 18363.1854; Version 1909; 64bit' Language: 'en' Physical Memory: 16336 MB
BatchMode: 1, IsHumanControllingUs: 0, StartBugReporterOnCrash: 0, Is64bit: 1, IsPro: 0

 COMMAND LINE ARGUMENTS:
C:\Program Files\Unity\Hub\Editor\2020.3.11f1\Editor\Unity.exe
-adb2
-batchMode
-noUpm
-name
AssetImportWorker0
-projectPath
C:/Users/Optimal State/Documents/GitHub/Detective-Prototype/Detective-Prototype
-logFile
Logs/AssetImportWorker0.log
-srvPort
61321
Successfully changed project path to: C:/Users/Optimal State/Documents/GitHub/Detective-Prototype/Detective-Prototype
C:/Users/Optimal State/Documents/GitHub/Detective-Prototype/Detective-Prototype
Using Asset Import Pipeline V2.
Refreshing native plugins compatible for Editor in 36.31 ms, found 2 plugins.
Preloading 0 native plugins for Editor in 0.00 ms.
Initialize engine version: 2020.3.11f1 (99c7afb366b3)
[Subsystems] Discovering subsystems at path C:/Program Files/Unity/Hub/Editor/2020.3.11f1/Editor/Data/Resources/UnitySubsystems
[Subsystems] Discovering subsystems at path C:/Users/Optimal State/Documents/GitHub/Detective-Prototype/Detective-Prototype/Assets
GfxDevice: creating device client; threaded=0
Direct3D:
    Version:  Direct3D 11.0 [level 11.1]
    Renderer: NVIDIA GeForce GTX 1070 (ID=0x1b81)
    Vendor:   
    VRAM:     8088 MB
    Driver:   30.0.14.9649
Initialize mono
Mono path[0] = 'C:/Program Files/Unity/Hub/Editor/2020.3.11f1/Editor/Data/Managed'
Mono path[1] = 'C:/Program Files/Unity/Hub/Editor/2020.3.11f1/Editor/Data/MonoBleedingEdge/lib/mono/unityjit'
Mono config path = 'C:/Program Files/Unity/Hub/Editor/2020.3.11f1/Editor/Data/MonoBleedingEdge/etc'
Using monoOptions --debugger-agent=transport=dt_socket,embedding=1,server=y,suspend=n,address=127.0.0.1:56340
Begin MonoManager ReloadAssembly
Registering precompiled unity dll's ...
Register platform support module: C:/Program Files/Unity/Hub/Editor/2020.3.11f1/Editor/Data/PlaybackEngines/WindowsStandaloneSupport/UnityEditor.WindowsStandalone.Extensions.dll
Registered in 0.003332 seconds.
Native extension for WindowsStandalone target not found
Refreshing native plugins compatible for Editor in 37.40 ms, found 2 plugins.
Preloading 0 native plugins for Editor in 0.00 ms.
Mono: successfully reloaded assembly
- Completed reload, in  2.389 seconds
Platform modules already initialized, skipping
Registering precompiled user dll's ...
Registered in 0.006370 seconds.
Begin MonoManager ReloadAssembly
Native extension for WindowsStandalone target not found
Refreshing native plugins compatible for Editor in 0.39 ms, found 2 plugins.
Preloading 0 native plugins for Editor in 0.00 ms.
Mono: successfully reloaded assembly
- Completed reload, in  1.310 seconds
Platform modules already initialized, skipping
========================================================================
Worker process is ready to serve import requests
Launched and connected shader compiler UnityShaderCompiler.exe after 0.07 seconds
Refreshing native plugins compatible for Editor in 0.45 ms, found 2 plugins.
Preloading 0 native plugins for Editor in 0.00 ms.
Unloading 1388 Unused Serialized files (Serialized files now loaded: 0)
System memory in use before: 65.1 MB.
System memory in use after: 65.2 MB.

Unloading 19 unused Assets to reduce memory usage. Loaded Objects now: 1821.
Total: 2.669700 ms (FindLiveObjects: 0.196700 ms CreateObjectMapping: 0.039200 ms MarkObjects: 2.324200 ms  DeleteObjects: 0.107200 ms)

========================================================================
Received Import Request.
  path: Assets/Scenes/Grayboxing.unity
  artifactKey: Guid(0a921b82d0e43e54988ad6a21ba459fe) Importer(815301076,1909f56bfc062723c751e8b465ee728b)
Start importing Assets/Scenes/Grayboxing.unity using Guid(0a921b82d0e43e54988ad6a21ba459fe) Importer(815301076,1909f56bfc062723c751e8b465ee728b)  -> (artifact id: '04f144fc26e68d1361791bc1e8e0533b') in 0.026135 seconds
  Import took 0.029555 seconds .

========================================================================
Received Prepare
Refreshing native plugins compatible for Editor in 4.45 ms, found 2 plugins.
Preloading 0 native plugins for Editor in 0.00 ms.
Unloading 12 Unused Serialized files (Serialized files now loaded: 0)
System memory in use before: 37.3 MB.
System memory in use after: 37.4 MB.

Unloading 12 unused Assets to reduce memory usage. Loaded Objects now: 1821.
Total: 2.503700 ms (FindLiveObjects: 0.170900 ms CreateObjectMapping: 0.037500 ms MarkObjects: 2.240700 ms  DeleteObjects: 0.053700 ms)

========================================================================
Received Import Request.
  Time since last request: 43.805203 seconds.
  path: Assets/Prefabs/Futon.fbx
  artifactKey: Guid(a3a0ff00af5bc2e4d9a5d3b6f84527e2) Importer(815301076,1909f56bfc062723c751e8b465ee728b)
Start importing Assets/Prefabs/Futon.fbx using Guid(a3a0ff00af5bc2e4d9a5d3b6f84527e2) Importer(815301076,1909f56bfc062723c751e8b465ee728b)  -> (artifact id: 'a2f7572ed7c322916aa0e106ae25dbd3') in 0.255103 seconds
  Import took 0.258157 seconds .

========================================================================
Received Import Request.
  Time since last request: 59.394751 seconds.
  path: Assets/Materials/TVStand_lambert1_AlbedoTransparency.mat
  artifactKey: Guid(d77ce9237781a8d47a8e499655bf259d) Importer(815301076,1909f56bfc062723c751e8b465ee728b)
Start importing Assets/Materials/TVStand_lambert1_AlbedoTransparency.mat using Guid(d77ce9237781a8d47a8e499655bf259d) Importer(815301076,1909f56bfc062723c751e8b465ee728b)  -> (artifact id: '9ea9087176e930f44c7e2d7a329d7d2f') in 0.302779 seconds
  Import took 0.305769 seconds .

========================================================================
Received Import Request.
  Time since last request: 80.196653 seconds.
  path: Assets/Materials/Prototyping_Mats/mat_Couch.mat
  artifactKey: Guid(90005b98ba56c924d9fbc9821cab0d27) Importer(815301076,1909f56bfc062723c751e8b465ee728b)
Start importing Assets/Materials/Prototyping_Mats/mat_Couch.mat using Guid(90005b98ba56c924d9fbc9821cab0d27) Importer(815301076,1909f56bfc062723c751e8b465ee728b)  -> (artifact id: '32da1ea0bf87e283ddfbb81df485876b') in 0.022750 seconds
  Import took 0.025577 seconds .

========================================================================
Received Import Request.
  Time since last request: 878.991441 seconds.
  path: Assets/Prefabs/TV.fbx
  artifactKey: Guid(ebfdc2df4cb3981428d3a0f4ae2ff73c) Importer(815301076,1909f56bfc062723c751e8b465ee728b)
Start importing Assets/Prefabs/TV.fbx using Guid(ebfdc2df4cb3981428d3a0f4ae2ff73c) Importer(815301076,1909f56bfc062723c751e8b465ee728b)  -> (artifact id: '691565f1dd7be8ae53480dc047e95d3c') in 0.041611 seconds
  Import took 0.044727 seconds .

========================================================================
Received Import Request.
  Time since last request: 1343.384413 seconds.
  path: Assets/Prefabs/Rug.fbx
  artifactKey: Guid(b43a686b2f7f5e84db346192ecd06feb) Importer(815301076,1909f56bfc062723c751e8b465ee728b)
Start importing Assets/Prefabs/Rug.fbx using Guid(b43a686b2f7f5e84db346192ecd06feb) Importer(815301076,1909f56bfc062723c751e8b465ee728b)  -> (artifact id: 'd4117ca96c4eb81b36d5e6bc93729c7f') in 0.025877 seconds
  Import took 0.029181 seconds .

========================================================================
Received Import Request.
  Time since last request: 46.111718 seconds.
  path: Assets/Materials/mat_Rug.mat
  artifactKey: Guid(bb9fb0f20b736544b942f7f0330bf800) Importer(815301076,1909f56bfc062723c751e8b465ee728b)
Start importing Assets/Materials/mat_Rug.mat using Guid(bb9fb0f20b736544b942f7f0330bf800) Importer(815301076,1909f56bfc062723c751e8b465ee728b)  -> (artifact id: '36162597026e7192df0f9c4dc9e06643') in 0.019210 seconds
  Import took 0.022165 seconds .

========================================================================
Received Import Request.
  Time since last request: 18.217594 seconds.
  path: Assets/Textures/istockphoto-973643176-1024x1024.jpg
  artifactKey: Guid(75cc1eb113724424999f7e960d96a8a1) Importer(815301076,1909f56bfc062723c751e8b465ee728b)
Start importing Assets/Textures/istockphoto-973643176-1024x1024.jpg using Guid(75cc1eb113724424999f7e960d96a8a1) Importer(815301076,1909f56bfc062723c751e8b465ee728b)  -> (artifact id: '376b4b553e0ffecdc29b5e4f14f80999') in 0.048183 seconds
  Import took 0.050975 seconds .

AssetImportWorkerClient::OnTransportError - code=2 error=End of file
